 STEPMAX =    1.1111111111111112     
 prerun: MCPRE=       10000  acc. ratio =    72.609999999999999       % 
 main run: MCMAX=     1000000 acc. ratio =  72.452 % 
 downhill steps, towards higher probability,COUNTS in %= ’   36.251800000000003       % 
 uphill steps, towards lower probability,COUNTS in %=    36.200600000000001       % 
 ALPHA =   0.80000000000000004       WAVEC =  -0.20000000000000001     
 energy+0.5*ALPHA**2 =  -0.17208824341208900     
 ERWKIN =   0.58501979480798783      ERWPOT =   -1.0771080382199865     
 ERWEN =  -0.49208824341208907       VAREN =    3.3981138600391045E-003


 STEPMAX =    1.1111111111111112     
 prerun: MCPRE=       10000  acc. ratio =    78.750000000000000       % 
 main run: MCMAX=     1000000 acc. ratio =  79.355 % 
 downhill steps, towards higher probability,COUNTS in %= ’   39.657699999999998       % 
 uphill steps, towards lower probability,COUNTS in %=    39.696800000000003       % 
 ALPHA =   0.80000000000000004       WAVEC =    0.0000000000000000E+000
 energy+0.5*ALPHA**2 =  -0.15881869869608889     
 ERWKIN =   0.31527479478435821      ERWPOT =  -0.79409349348041758     
 ERWEN =  -0.47881869869608895       VAREN =    2.5124881372947629E-002


 STEPMAX =    1.1111111111111112     
 prerun: MCPRE=       10000  acc. ratio =    83.230000000000004       % 
 main run: MCMAX=     1000000 acc. ratio =  82.805 % 
 downhill steps, towards higher probability,COUNTS in %= ’   41.461900000000000       % 
 uphill steps, towards lower probability,COUNTS in %=    41.343400000000003       % 
 ALPHA =   0.80000000000000004       WAVEC =   0.20000000000000001     
 energy+0.5*ALPHA**2 =  -0.11935188492760690     
 ERWKIN =   0.21335180931758313      ERWPOT =  -0.65270369424518770     
 ERWEN =  -0.43935188492760696       VAREN =    5.3903290743709031E-002


 STEPMAX =    1.0000000000000000     
 prerun: MCPRE=       10000  acc. ratio =    70.870000000000005       % 
 main run: MCMAX=     1000000 acc. ratio =  71.126 % 
 downhill steps, towards higher probability,COUNTS in %= ’   35.575299999999999       % 
 uphill steps, towards lower probability,COUNTS in %=    35.550199999999997       % 
 ALPHA =    1.0000000000000000       WAVEC =  -0.20000000000000001     
 energy+0.5*ALPHA**2 =    3.7443374773131699E-002
 ERWKIN =   0.80302363599115512      ERWPOT =   -1.2655802612180949     
 ERWEN =  -0.46255662522686830       VAREN =    7.1400760664221408E-002


 STEPMAX =    1.0000000000000000     
 prerun: MCPRE=       10000  acc. ratio =    77.140000000000001       % 
 main run: MCMAX=     1000000 acc. ratio =  76.844 % 
 downhill steps, towards higher probability,COUNTS in %= ’   38.429499999999997       % 
 uphill steps, towards lower probability,COUNTS in %=    38.414099999999998       % 
 ALPHA =    1.0000000000000000       WAVEC =    0.0000000000000000E+000
 energy+0.5*ALPHA**2 =    0.0000000000000000E+000
 ERWKIN =   0.49517145196879836      ERWPOT =  -0.99517145196877443     
 ERWEN =  -0.50000000000000000       VAREN =    0.0000000000000000E+000


 STEPMAX =    1.0000000000000000     
 prerun: MCPRE=       10000  acc. ratio =    80.659999999999997       % 
 main run: MCMAX=     1000000 acc. ratio =  80.184 % 
 downhill steps, towards higher probability,COUNTS in %= ’   40.082000000000001       % 
 uphill steps, towards lower probability,COUNTS in %=    40.102100000000000       % 
 ALPHA =    1.0000000000000000       WAVEC =   0.20000000000000001     
 energy+0.5*ALPHA**2 =    1.1198343139516898E-002
 ERWKIN =   0.36273505674351464      ERWPOT =  -0.85153671360400296     
 ERWEN =  -0.48880165686048310       VAREN =    2.2637289825714741E-002


 STEPMAX =   0.90909090909090906     
 prerun: MCPRE=       10000  acc. ratio =    70.319999999999993       % 
 main run: MCMAX=     1000000 acc. ratio =  70.036 % 
 downhill steps, towards higher probability,COUNTS in %= ’   35.050199999999997       % 
 uphill steps, towards lower probability,COUNTS in %=    34.985599999999998       % 
 ALPHA =    1.2000000000000000       WAVEC =  -0.20000000000000001     
 energy+0.5*ALPHA**2 =   0.32467213006559670     
 ERWKIN =    1.0601956861891377      ERWPOT =   -1.4555235561235802     
 ERWEN =  -0.39532786993440328       VAREN =   0.37921674338001160     


 STEPMAX =   0.90909090909090906     
 prerun: MCPRE=       10000  acc. ratio =    75.170000000000002       % 
 main run: MCMAX=     1000000 acc. ratio =  74.967 % 
 downhill steps, towards higher probability,COUNTS in %= ’   37.501600000000003       % 
 uphill steps, towards lower probability,COUNTS in %=    37.465000000000003       % 
 ALPHA =    1.2000000000000000       WAVEC =    0.0000000000000000E+000
 energy+0.5*ALPHA**2 =   0.23873675225651542     
 ERWKIN =   0.71242051353914870      ERWPOT =   -1.1936837612826141     
 ERWEN =  -0.48126324774348456       VAREN =    5.5333100699251313E-002


 STEPMAX =   0.90909090909090906     
 prerun: MCPRE=       10000  acc. ratio =    77.849999999999994       % 
 main run: MCMAX=     1000000 acc. ratio =  78.055 % 
 downhill steps, towards higher probability,COUNTS in %= ’   39.028199999999998       % 
 uphill steps, towards lower probability,COUNTS in %=    39.026499999999999       % 
 ALPHA =    1.2000000000000000       WAVEC =   0.20000000000000001     
 energy+0.5*ALPHA**2 =   0.22122528634325694     
 ERWKIN =   0.54686936095866157      ERWPOT =   -1.0456440746154236     
 ERWEN =  -0.49877471365674303       VAREN =    6.4801347237527747E-004


